mode: set
github.com/CYPT71/secure-oci-base/cmd/oci-builder/main.go:6.29,10.2 2 1
github.com/CYPT71/secure-oci-base/cmd/oci-builder/main.go:12.13,14.2 1 0
github.com/CYPT71/secure-oci-base/internal/oci/builder.go:9.40,11.2 1 1
github.com/CYPT71/secure-oci-base/internal/oci/builder.go:14.44,15.15 1 1
github.com/CYPT71/secure-oci-base/internal/oci/builder.go:15.15,17.3 1 1
github.com/CYPT71/secure-oci-base/internal/oci/builder.go:18.2,18.28 1 1
github.com/CYPT71/secure-oci-base/internal/mtls/config.go:10.45,12.2 1 1
github.com/CYPT71/secure-oci-base/internal/mtls/config.go:15.31,16.14 1 1
github.com/CYPT71/secure-oci-base/internal/mtls/config.go:16.14,18.3 1 1
github.com/CYPT71/secure-oci-base/internal/mtls/config.go:19.2,19.16 1 1
github.com/CYPT71/secure-oci-base/internal/mtls/config.go:19.16,21.3 1 1
github.com/CYPT71/secure-oci-base/internal/mtls/config.go:22.2,22.21 1 1
